
> nw2@0.1.0 build
> next build

▲ Next.js 16.1.6 (Turbopack)
- Environments: .env

  Creating an optimized production build ...
✓ Compiled successfully in 4.3s
  Running TypeScript ...
  Collecting page data using 7 workers ...
  Generating static pages using 7 workers (0/14) ...
  Generating static pages using 7 workers (3/14) 
  Generating static pages using 7 workers (6/14) 
  Generating static pages using 7 workers (10/14) 
✓ Generating static pages using 7 workers (14/14) in 442.2ms
  Finalizing page optimization ...

Route (app)
┌ ○ /
├ ○ /_not-found
├ ○ /admin
├ ○ /admin/categories
├ ○ /admin/categories/add
├ ƒ /admin/categories/edit/[id]
├ ○ /admin/packages
├ ○ /admin/packages/add
├ ƒ /admin/packages/edit/[id]
├ ○ /admin/queries
├ ○ /category
├ ○ /contact-us
├ ○ /package
└ ○ /reviews


○  (Static)   prerendered as static content
ƒ  (Dynamic)  server-rendered on demand

